04-Apr-2019 09:38:40.131 INFO [main] org.apache.catalina.startup.VersionLoggerListener.log Server version:        Apache Tomcat/8.0.36
04-Apr-2019 09:38:40.133 INFO [main] org.apache.catalina.startup.VersionLoggerListener.log Server built:          Jun 9 2016 13:55:50 UTC
04-Apr-2019 09:38:40.134 INFO [main] org.apache.catalina.startup.VersionLoggerListener.log Server number:         8.0.36.0
04-Apr-2019 09:38:40.134 INFO [main] org.apache.catalina.startup.VersionLoggerListener.log OS Name:               Windows 10
04-Apr-2019 09:38:40.134 INFO [main] org.apache.catalina.startup.VersionLoggerListener.log OS Version:            10.0
04-Apr-2019 09:38:40.134 INFO [main] org.apache.catalina.startup.VersionLoggerListener.log Architecture:          amd64
04-Apr-2019 09:38:40.134 INFO [main] org.apache.catalina.startup.VersionLoggerListener.log Java Home:             D:\jdk\jdk80131\jre
04-Apr-2019 09:38:40.135 INFO [main] org.apache.catalina.startup.VersionLoggerListener.log JVM Version:           1.8.0_131-b11
04-Apr-2019 09:38:40.135 INFO [main] org.apache.catalina.startup.VersionLoggerListener.log JVM Vendor:            Oracle Corporation
04-Apr-2019 09:38:40.135 INFO [main] org.apache.catalina.startup.VersionLoggerListener.log CATALINA_BASE:         D:\solr\apache-tomcat-8-zyx
04-Apr-2019 09:38:40.135 INFO [main] org.apache.catalina.startup.VersionLoggerListener.log CATALINA_HOME:         D:\solr\apache-tomcat-8-zyx
04-Apr-2019 09:38:40.135 INFO [main] org.apache.catalina.startup.VersionLoggerListener.log Command line argument: -Djdk.tls.ephemeralDHKeySize=2048
04-Apr-2019 09:38:40.136 INFO [main] org.apache.catalina.startup.VersionLoggerListener.log Command line argument: -Djava.util.logging.config.file=D:\solr\apache-tomcat-8-zyx\conf\logging.properties
04-Apr-2019 09:38:40.136 INFO [main] org.apache.catalina.startup.VersionLoggerListener.log Command line argument: -Djava.util.logging.manager=org.apache.juli.ClassLoaderLogManager
04-Apr-2019 09:38:40.136 INFO [main] org.apache.catalina.startup.VersionLoggerListener.log Command line argument: -Djava.endorsed.dirs=D:\solr\apache-tomcat-8-zyx\endorsed
04-Apr-2019 09:38:40.136 INFO [main] org.apache.catalina.startup.VersionLoggerListener.log Command line argument: -Dcatalina.base=D:\solr\apache-tomcat-8-zyx
04-Apr-2019 09:38:40.137 INFO [main] org.apache.catalina.startup.VersionLoggerListener.log Command line argument: -Dcatalina.home=D:\solr\apache-tomcat-8-zyx
04-Apr-2019 09:38:40.137 INFO [main] org.apache.catalina.startup.VersionLoggerListener.log Command line argument: -Djava.io.tmpdir=D:\solr\apache-tomcat-8-zyx\temp
04-Apr-2019 09:38:40.138 INFO [main] org.apache.catalina.core.AprLifecycleListener.lifecycleEvent Loaded APR based Apache Tomcat Native library 1.2.7 using APR version 1.5.2.
04-Apr-2019 09:38:40.138 INFO [main] org.apache.catalina.core.AprLifecycleListener.lifecycleEvent APR capabilities: IPv6 [true], sendfile [true], accept filters [false], random [true].
04-Apr-2019 09:38:41.040 INFO [main] org.apache.catalina.core.AprLifecycleListener.initializeSSL OpenSSL successfully initialized (OpenSSL 1.0.2h  3 May 2016)
04-Apr-2019 09:38:42.819 INFO [main] org.apache.coyote.AbstractProtocol.init Initializing ProtocolHandler ["http-apr-8880"]
04-Apr-2019 09:38:42.840 INFO [main] org.apache.coyote.AbstractProtocol.init Initializing ProtocolHandler ["ajp-apr-8819"]
04-Apr-2019 09:38:42.843 INFO [main] org.apache.catalina.startup.Catalina.load Initialization processed in 3355 ms
04-Apr-2019 09:38:42.936 INFO [main] org.apache.catalina.core.StandardService.startInternal Starting service Catalina
04-Apr-2019 09:38:42.936 INFO [main] org.apache.catalina.core.StandardEngine.startInternal Starting Servlet Engine: Apache Tomcat/8.0.36
04-Apr-2019 09:38:42.957 INFO [localhost-startStop-1] org.apache.catalina.startup.HostConfig.deployDirectory Deploying web application directory D:\solr\apache-tomcat-8-zyx\webapps\solr
04-Apr-2019 09:38:51.451 INFO [localhost-startStop-1] org.apache.jasper.servlet.TldScanner.scanJars At least one JAR was scanned for TLDs yet contained no TLDs. Enable debug logging for this logger for a complete list of JARs that were scanned but no TLDs were found in them. Skipping unneeded JARs during scanning can improve startup time and JSP compilation time.
04-Apr-2019 09:38:51.862 INFO [localhost-startStop-1] org.apache.catalina.util.SessionIdGeneratorBase.createSecureRandom Creation of SecureRandom instance for session ID generation using [SHA1PRNG] took [319] milliseconds.
04-Apr-2019 09:38:54.307 INFO [localhost-startStop-1] org.apache.catalina.startup.HostConfig.deployDirectory Deployment of web application directory D:\solr\apache-tomcat-8-zyx\webapps\solr has finished in 11,350 ms
04-Apr-2019 09:38:54.331 INFO [main] org.apache.coyote.AbstractProtocol.start Starting ProtocolHandler ["http-apr-8880"]
04-Apr-2019 09:38:54.344 INFO [main] org.apache.coyote.AbstractProtocol.start Starting ProtocolHandler ["ajp-apr-8819"]
04-Apr-2019 09:38:54.350 INFO [main] org.apache.catalina.startup.Catalina.start Server startup in 11506 ms
04-Apr-2019 09:43:48.860 INFO [Thread-5] org.apache.coyote.AbstractProtocol.pause Pausing ProtocolHandler ["http-apr-8880"]
04-Apr-2019 09:43:48.921 INFO [Thread-5] org.apache.coyote.AbstractProtocol.pause Pausing ProtocolHandler ["ajp-apr-8819"]
04-Apr-2019 09:43:48.973 INFO [Thread-5] org.apache.catalina.core.StandardService.stopInternal Stopping service Catalina
04-Apr-2019 09:43:49.029 SEVERE [localhost-startStop-2] org.apache.catalina.loader.WebappClassLoaderBase.checkThreadLocalMapForLeaks The web application [solr] created a ThreadLocal with key of type [org.apache.solr.util.DateFormatUtil.ThreadLocalDateFormat] (value [org.apache.solr.util.DateFormatUtil$ThreadLocalDateFormat@4f9e48ac]) and a value of type [org.apache.solr.util.DateFormatUtil.ISO8601CanonicalDateFormat] (value [org.apache.solr.util.DateFormatUtil$ISO8601CanonicalDateFormat@6b2ed43a]) but failed to remove it when the web application was stopped. Threads are going to be renewed over time to try and avoid a probable memory leak.
04-Apr-2019 09:43:49.030 SEVERE [localhost-startStop-2] org.apache.catalina.loader.WebappClassLoaderBase.checkThreadLocalMapForLeaks The web application [solr] created a ThreadLocal with key of type [org.apache.solr.util.DateFormatUtil.ThreadLocalDateFormat] (value [org.apache.solr.util.DateFormatUtil$ThreadLocalDateFormat@4f9e48ac]) and a value of type [org.apache.solr.util.DateFormatUtil.ISO8601CanonicalDateFormat] (value [org.apache.solr.util.DateFormatUtil$ISO8601CanonicalDateFormat@6b2ed43a]) but failed to remove it when the web application was stopped. Threads are going to be renewed over time to try and avoid a probable memory leak.
04-Apr-2019 09:43:49.034 SEVERE [localhost-startStop-2] org.apache.catalina.loader.WebappClassLoaderBase.checkThreadLocalMapForLeaks The web application [solr] created a ThreadLocal with key of type [org.apache.solr.util.DateFormatUtil.ThreadLocalDateFormat] (value [org.apache.solr.util.DateFormatUtil$ThreadLocalDateFormat@4f9e48ac]) and a value of type [org.apache.solr.util.DateFormatUtil.ISO8601CanonicalDateFormat] (value [org.apache.solr.util.DateFormatUtil$ISO8601CanonicalDateFormat@6b2ed43a]) but failed to remove it when the web application was stopped. Threads are going to be renewed over time to try and avoid a probable memory leak.
04-Apr-2019 09:43:49.035 SEVERE [localhost-startStop-2] org.apache.catalina.loader.WebappClassLoaderBase.checkThreadLocalMapForLeaks The web application [solr] created a ThreadLocal with key of type [org.apache.solr.util.DateFormatUtil.ThreadLocalDateFormat] (value [org.apache.solr.util.DateFormatUtil$ThreadLocalDateFormat@4f9e48ac]) and a value of type [org.apache.solr.util.DateFormatUtil.ISO8601CanonicalDateFormat] (value [org.apache.solr.util.DateFormatUtil$ISO8601CanonicalDateFormat@6b2ed43a]) but failed to remove it when the web application was stopped. Threads are going to be renewed over time to try and avoid a probable memory leak.
04-Apr-2019 09:43:49.036 SEVERE [localhost-startStop-2] org.apache.catalina.loader.WebappClassLoaderBase.checkThreadLocalMapForLeaks The web application [solr] created a ThreadLocal with key of type [org.apache.solr.util.DateFormatUtil.ThreadLocalDateFormat] (value [org.apache.solr.util.DateFormatUtil$ThreadLocalDateFormat@4f9e48ac]) and a value of type [org.apache.solr.util.DateFormatUtil.ISO8601CanonicalDateFormat] (value [org.apache.solr.util.DateFormatUtil$ISO8601CanonicalDateFormat@6b2ed43a]) but failed to remove it when the web application was stopped. Threads are going to be renewed over time to try and avoid a probable memory leak.
04-Apr-2019 09:43:49.036 SEVERE [localhost-startStop-2] org.apache.catalina.loader.WebappClassLoaderBase.checkThreadLocalMapForLeaks The web application [solr] created a ThreadLocal with key of type [org.apache.solr.util.DateFormatUtil.ThreadLocalDateFormat] (value [org.apache.solr.util.DateFormatUtil$ThreadLocalDateFormat@4f9e48ac]) and a value of type [org.apache.solr.util.DateFormatUtil.ISO8601CanonicalDateFormat] (value [org.apache.solr.util.DateFormatUtil$ISO8601CanonicalDateFormat@6b2ed43a]) but failed to remove it when the web application was stopped. Threads are going to be renewed over time to try and avoid a probable memory leak.
04-Apr-2019 09:43:49.084 INFO [Thread-5] org.apache.coyote.AbstractProtocol.stop Stopping ProtocolHandler ["http-apr-8880"]
04-Apr-2019 09:43:49.139 INFO [Thread-5] org.apache.coyote.AbstractProtocol.stop Stopping ProtocolHandler ["ajp-apr-8819"]
04-Apr-2019 09:43:49.191 INFO [Thread-5] org.apache.coyote.AbstractProtocol.destroy Destroying ProtocolHandler ["http-apr-8880"]
04-Apr-2019 09:43:49.192 INFO [Thread-5] org.apache.coyote.AbstractProtocol.destroy Destroying ProtocolHandler ["ajp-apr-8819"]
04-Apr-2019 09:44:00.967 INFO [main] org.apache.catalina.startup.VersionLoggerListener.log Server version:        Apache Tomcat/8.0.36
04-Apr-2019 09:44:00.969 INFO [main] org.apache.catalina.startup.VersionLoggerListener.log Server built:          Jun 9 2016 13:55:50 UTC
04-Apr-2019 09:44:00.969 INFO [main] org.apache.catalina.startup.VersionLoggerListener.log Server number:         8.0.36.0
04-Apr-2019 09:44:00.969 INFO [main] org.apache.catalina.startup.VersionLoggerListener.log OS Name:               Windows 10
04-Apr-2019 09:44:00.970 INFO [main] org.apache.catalina.startup.VersionLoggerListener.log OS Version:            10.0
04-Apr-2019 09:44:00.970 INFO [main] org.apache.catalina.startup.VersionLoggerListener.log Architecture:          amd64
04-Apr-2019 09:44:00.971 INFO [main] org.apache.catalina.startup.VersionLoggerListener.log Java Home:             D:\jdk\jdk80131\jre
04-Apr-2019 09:44:00.971 INFO [main] org.apache.catalina.startup.VersionLoggerListener.log JVM Version:           1.8.0_131-b11
04-Apr-2019 09:44:00.971 INFO [main] org.apache.catalina.startup.VersionLoggerListener.log JVM Vendor:            Oracle Corporation
04-Apr-2019 09:44:00.972 INFO [main] org.apache.catalina.startup.VersionLoggerListener.log CATALINA_BASE:         D:\solr\apache-tomcat-8-zyx
04-Apr-2019 09:44:00.972 INFO [main] org.apache.catalina.startup.VersionLoggerListener.log CATALINA_HOME:         D:\solr\apache-tomcat-8-zyx
04-Apr-2019 09:44:00.972 INFO [main] org.apache.catalina.startup.VersionLoggerListener.log Command line argument: -Djdk.tls.ephemeralDHKeySize=2048
04-Apr-2019 09:44:00.972 INFO [main] org.apache.catalina.startup.VersionLoggerListener.log Command line argument: -Djava.util.logging.config.file=D:\solr\apache-tomcat-8-zyx\conf\logging.properties
04-Apr-2019 09:44:00.973 INFO [main] org.apache.catalina.startup.VersionLoggerListener.log Command line argument: -Djava.util.logging.manager=org.apache.juli.ClassLoaderLogManager
04-Apr-2019 09:44:00.973 INFO [main] org.apache.catalina.startup.VersionLoggerListener.log Command line argument: -Djava.endorsed.dirs=D:\solr\apache-tomcat-8-zyx\endorsed
04-Apr-2019 09:44:00.973 INFO [main] org.apache.catalina.startup.VersionLoggerListener.log Command line argument: -Dcatalina.base=D:\solr\apache-tomcat-8-zyx
04-Apr-2019 09:44:00.973 INFO [main] org.apache.catalina.startup.VersionLoggerListener.log Command line argument: -Dcatalina.home=D:\solr\apache-tomcat-8-zyx
04-Apr-2019 09:44:00.974 INFO [main] org.apache.catalina.startup.VersionLoggerListener.log Command line argument: -Djava.io.tmpdir=D:\solr\apache-tomcat-8-zyx\temp
04-Apr-2019 09:44:00.975 INFO [main] org.apache.catalina.core.AprLifecycleListener.lifecycleEvent Loaded APR based Apache Tomcat Native library 1.2.7 using APR version 1.5.2.
04-Apr-2019 09:44:00.975 INFO [main] org.apache.catalina.core.AprLifecycleListener.lifecycleEvent APR capabilities: IPv6 [true], sendfile [true], accept filters [false], random [true].
04-Apr-2019 09:44:01.824 INFO [main] org.apache.catalina.core.AprLifecycleListener.initializeSSL OpenSSL successfully initialized (OpenSSL 1.0.2h  3 May 2016)
04-Apr-2019 09:44:01.986 INFO [main] org.apache.coyote.AbstractProtocol.init Initializing ProtocolHandler ["http-apr-8880"]
04-Apr-2019 09:44:02.006 INFO [main] org.apache.coyote.AbstractProtocol.init Initializing ProtocolHandler ["ajp-apr-8819"]
04-Apr-2019 09:44:02.008 INFO [main] org.apache.catalina.startup.Catalina.load Initialization processed in 1555 ms
04-Apr-2019 09:44:02.047 INFO [main] org.apache.catalina.core.StandardService.startInternal Starting service Catalina
04-Apr-2019 09:44:02.047 INFO [main] org.apache.catalina.core.StandardEngine.startInternal Starting Servlet Engine: Apache Tomcat/8.0.36
04-Apr-2019 09:44:02.061 INFO [localhost-startStop-1] org.apache.catalina.startup.HostConfig.deployDirectory Deploying web application directory D:\solr\apache-tomcat-8-zyx\webapps\solr
04-Apr-2019 09:44:08.029 INFO [localhost-startStop-1] org.apache.jasper.servlet.TldScanner.scanJars At least one JAR was scanned for TLDs yet contained no TLDs. Enable debug logging for this logger for a complete list of JARs that were scanned but no TLDs were found in them. Skipping unneeded JARs during scanning can improve startup time and JSP compilation time.
04-Apr-2019 09:44:08.381 INFO [localhost-startStop-1] org.apache.catalina.util.SessionIdGeneratorBase.createSecureRandom Creation of SecureRandom instance for session ID generation using [SHA1PRNG] took [303] milliseconds.
04-Apr-2019 09:44:10.050 INFO [localhost-startStop-1] org.apache.catalina.startup.HostConfig.deployDirectory Deployment of web application directory D:\solr\apache-tomcat-8-zyx\webapps\solr has finished in 7,989 ms
04-Apr-2019 09:44:10.098 INFO [main] org.apache.coyote.AbstractProtocol.start Starting ProtocolHandler ["http-apr-8880"]
04-Apr-2019 09:44:10.178 INFO [main] org.apache.coyote.AbstractProtocol.start Starting ProtocolHandler ["ajp-apr-8819"]
04-Apr-2019 09:44:10.186 INFO [main] org.apache.catalina.startup.Catalina.start Server startup in 8176 ms
04-Apr-2019 09:51:42.346 INFO [Thread-5] org.apache.coyote.AbstractProtocol.pause Pausing ProtocolHandler ["http-apr-8880"]
04-Apr-2019 09:51:42.406 INFO [Thread-5] org.apache.coyote.AbstractProtocol.pause Pausing ProtocolHandler ["ajp-apr-8819"]
04-Apr-2019 09:51:42.458 INFO [Thread-5] org.apache.catalina.core.StandardService.stopInternal Stopping service Catalina
04-Apr-2019 09:51:42.515 SEVERE [localhost-startStop-2] org.apache.catalina.loader.WebappClassLoaderBase.checkThreadLocalMapForLeaks The web application [solr] created a ThreadLocal with key of type [org.apache.solr.util.DateFormatUtil.ThreadLocalDateFormat] (value [org.apache.solr.util.DateFormatUtil$ThreadLocalDateFormat@1b70659c]) and a value of type [org.apache.solr.util.DateFormatUtil.ISO8601CanonicalDateFormat] (value [org.apache.solr.util.DateFormatUtil$ISO8601CanonicalDateFormat@6b2ed43a]) but failed to remove it when the web application was stopped. Threads are going to be renewed over time to try and avoid a probable memory leak.
04-Apr-2019 09:51:42.517 SEVERE [localhost-startStop-2] org.apache.catalina.loader.WebappClassLoaderBase.checkThreadLocalMapForLeaks The web application [solr] created a ThreadLocal with key of type [org.apache.solr.util.DateFormatUtil.ThreadLocalDateFormat] (value [org.apache.solr.util.DateFormatUtil$ThreadLocalDateFormat@1b70659c]) and a value of type [org.apache.solr.util.DateFormatUtil.ISO8601CanonicalDateFormat] (value [org.apache.solr.util.DateFormatUtil$ISO8601CanonicalDateFormat@6b2ed43a]) but failed to remove it when the web application was stopped. Threads are going to be renewed over time to try and avoid a probable memory leak.
04-Apr-2019 09:51:42.517 SEVERE [localhost-startStop-2] org.apache.catalina.loader.WebappClassLoaderBase.checkThreadLocalMapForLeaks The web application [solr] created a ThreadLocal with key of type [org.apache.solr.util.DateFormatUtil.ThreadLocalDateFormat] (value [org.apache.solr.util.DateFormatUtil$ThreadLocalDateFormat@1b70659c]) and a value of type [org.apache.solr.util.DateFormatUtil.ISO8601CanonicalDateFormat] (value [org.apache.solr.util.DateFormatUtil$ISO8601CanonicalDateFormat@6b2ed43a]) but failed to remove it when the web application was stopped. Threads are going to be renewed over time to try and avoid a probable memory leak.
04-Apr-2019 09:51:42.520 SEVERE [localhost-startStop-2] org.apache.catalina.loader.WebappClassLoaderBase.checkThreadLocalMapForLeaks The web application [solr] created a ThreadLocal with key of type [org.apache.solr.util.DateFormatUtil.ThreadLocalDateFormat] (value [org.apache.solr.util.DateFormatUtil$ThreadLocalDateFormat@1b70659c]) and a value of type [org.apache.solr.util.DateFormatUtil.ISO8601CanonicalDateFormat] (value [org.apache.solr.util.DateFormatUtil$ISO8601CanonicalDateFormat@6b2ed43a]) but failed to remove it when the web application was stopped. Threads are going to be renewed over time to try and avoid a probable memory leak.
04-Apr-2019 09:51:42.520 SEVERE [localhost-startStop-2] org.apache.catalina.loader.WebappClassLoaderBase.checkThreadLocalMapForLeaks The web application [solr] created a ThreadLocal with key of type [org.apache.solr.util.DateFormatUtil.ThreadLocalDateFormat] (value [org.apache.solr.util.DateFormatUtil$ThreadLocalDateFormat@1b70659c]) and a value of type [org.apache.solr.util.DateFormatUtil.ISO8601CanonicalDateFormat] (value [org.apache.solr.util.DateFormatUtil$ISO8601CanonicalDateFormat@6b2ed43a]) but failed to remove it when the web application was stopped. Threads are going to be renewed over time to try and avoid a probable memory leak.
04-Apr-2019 09:51:42.521 SEVERE [localhost-startStop-2] org.apache.catalina.loader.WebappClassLoaderBase.checkThreadLocalMapForLeaks The web application [solr] created a ThreadLocal with key of type [org.apache.solr.util.DateFormatUtil.ThreadLocalDateFormat] (value [org.apache.solr.util.DateFormatUtil$ThreadLocalDateFormat@1b70659c]) and a value of type [org.apache.solr.util.DateFormatUtil.ISO8601CanonicalDateFormat] (value [org.apache.solr.util.DateFormatUtil$ISO8601CanonicalDateFormat@6b2ed43a]) but failed to remove it when the web application was stopped. Threads are going to be renewed over time to try and avoid a probable memory leak.
04-Apr-2019 09:51:42.528 INFO [Thread-5] org.apache.coyote.AbstractProtocol.stop Stopping ProtocolHandler ["http-apr-8880"]
04-Apr-2019 09:51:42.600 INFO [Thread-5] org.apache.coyote.AbstractProtocol.stop Stopping ProtocolHandler ["ajp-apr-8819"]
04-Apr-2019 09:51:42.653 INFO [Thread-5] org.apache.coyote.AbstractProtocol.destroy Destroying ProtocolHandler ["http-apr-8880"]
04-Apr-2019 09:51:42.654 INFO [Thread-5] org.apache.coyote.AbstractProtocol.destroy Destroying ProtocolHandler ["ajp-apr-8819"]
04-Apr-2019 09:51:48.756 INFO [main] org.apache.catalina.startup.VersionLoggerListener.log Server version:        Apache Tomcat/8.0.36
04-Apr-2019 09:51:48.761 INFO [main] org.apache.catalina.startup.VersionLoggerListener.log Server built:          Jun 9 2016 13:55:50 UTC
04-Apr-2019 09:51:48.764 INFO [main] org.apache.catalina.startup.VersionLoggerListener.log Server number:         8.0.36.0
04-Apr-2019 09:51:48.765 INFO [main] org.apache.catalina.startup.VersionLoggerListener.log OS Name:               Windows 10
04-Apr-2019 09:51:48.765 INFO [main] org.apache.catalina.startup.VersionLoggerListener.log OS Version:            10.0
04-Apr-2019 09:51:48.766 INFO [main] org.apache.catalina.startup.VersionLoggerListener.log Architecture:          amd64
04-Apr-2019 09:51:48.766 INFO [main] org.apache.catalina.startup.VersionLoggerListener.log Java Home:             D:\jdk\jdk80131\jre
04-Apr-2019 09:51:48.767 INFO [main] org.apache.catalina.startup.VersionLoggerListener.log JVM Version:           1.8.0_131-b11
04-Apr-2019 09:51:48.768 INFO [main] org.apache.catalina.startup.VersionLoggerListener.log JVM Vendor:            Oracle Corporation
04-Apr-2019 09:51:48.770 INFO [main] org.apache.catalina.startup.VersionLoggerListener.log CATALINA_BASE:         D:\solr\apache-tomcat-8-zyx
04-Apr-2019 09:51:48.772 INFO [main] org.apache.catalina.startup.VersionLoggerListener.log CATALINA_HOME:         D:\solr\apache-tomcat-8-zyx
04-Apr-2019 09:51:48.775 INFO [main] org.apache.catalina.startup.VersionLoggerListener.log Command line argument: -Djdk.tls.ephemeralDHKeySize=2048
04-Apr-2019 09:51:48.776 INFO [main] org.apache.catalina.startup.VersionLoggerListener.log Command line argument: -Djava.util.logging.config.file=D:\solr\apache-tomcat-8-zyx\conf\logging.properties
04-Apr-2019 09:51:48.776 INFO [main] org.apache.catalina.startup.VersionLoggerListener.log Command line argument: -Djava.util.logging.manager=org.apache.juli.ClassLoaderLogManager
04-Apr-2019 09:51:48.777 INFO [main] org.apache.catalina.startup.VersionLoggerListener.log Command line argument: -Djava.endorsed.dirs=D:\solr\apache-tomcat-8-zyx\endorsed
04-Apr-2019 09:51:48.777 INFO [main] org.apache.catalina.startup.VersionLoggerListener.log Command line argument: -Dcatalina.base=D:\solr\apache-tomcat-8-zyx
04-Apr-2019 09:51:48.779 INFO [main] org.apache.catalina.startup.VersionLoggerListener.log Command line argument: -Dcatalina.home=D:\solr\apache-tomcat-8-zyx
04-Apr-2019 09:51:48.782 INFO [main] org.apache.catalina.startup.VersionLoggerListener.log Command line argument: -Djava.io.tmpdir=D:\solr\apache-tomcat-8-zyx\temp
04-Apr-2019 09:51:48.784 INFO [main] org.apache.catalina.core.AprLifecycleListener.lifecycleEvent Loaded APR based Apache Tomcat Native library 1.2.7 using APR version 1.5.2.
04-Apr-2019 09:51:48.786 INFO [main] org.apache.catalina.core.AprLifecycleListener.lifecycleEvent APR capabilities: IPv6 [true], sendfile [true], accept filters [false], random [true].
04-Apr-2019 09:51:49.902 INFO [main] org.apache.catalina.core.AprLifecycleListener.initializeSSL OpenSSL successfully initialized (OpenSSL 1.0.2h  3 May 2016)
04-Apr-2019 09:51:50.359 INFO [main] org.apache.coyote.AbstractProtocol.init Initializing ProtocolHandler ["http-apr-8880"]
04-Apr-2019 09:51:50.389 INFO [main] org.apache.coyote.AbstractProtocol.init Initializing ProtocolHandler ["ajp-apr-8819"]
04-Apr-2019 09:51:50.392 INFO [main] org.apache.catalina.startup.Catalina.load Initialization processed in 2416 ms
04-Apr-2019 09:51:50.454 INFO [main] org.apache.catalina.core.StandardService.startInternal Starting service Catalina
04-Apr-2019 09:51:50.454 INFO [main] org.apache.catalina.core.StandardEngine.startInternal Starting Servlet Engine: Apache Tomcat/8.0.36
04-Apr-2019 09:51:50.483 INFO [localhost-startStop-1] org.apache.catalina.startup.HostConfig.deployDirectory Deploying web application directory D:\solr\apache-tomcat-8-zyx\webapps\solr
04-Apr-2019 09:51:55.875 INFO [localhost-startStop-1] org.apache.jasper.servlet.TldScanner.scanJars At least one JAR was scanned for TLDs yet contained no TLDs. Enable debug logging for this logger for a complete list of JARs that were scanned but no TLDs were found in them. Skipping unneeded JARs during scanning can improve startup time and JSP compilation time.
04-Apr-2019 09:51:56.204 INFO [localhost-startStop-1] org.apache.catalina.util.SessionIdGeneratorBase.createSecureRandom Creation of SecureRandom instance for session ID generation using [SHA1PRNG] took [289] milliseconds.
04-Apr-2019 09:51:57.597 INFO [localhost-startStop-1] org.apache.catalina.startup.HostConfig.deployDirectory Deployment of web application directory D:\solr\apache-tomcat-8-zyx\webapps\solr has finished in 7,113 ms
04-Apr-2019 09:51:57.662 INFO [main] org.apache.coyote.AbstractProtocol.start Starting ProtocolHandler ["http-apr-8880"]
04-Apr-2019 09:51:57.679 INFO [main] org.apache.coyote.AbstractProtocol.start Starting ProtocolHandler ["ajp-apr-8819"]
04-Apr-2019 09:51:57.687 INFO [main] org.apache.catalina.startup.Catalina.start Server startup in 7289 ms
04-Apr-2019 09:53:03.892 INFO [Thread-5] org.apache.coyote.AbstractProtocol.pause Pausing ProtocolHandler ["http-apr-8880"]
04-Apr-2019 09:53:03.952 INFO [Thread-5] org.apache.coyote.AbstractProtocol.pause Pausing ProtocolHandler ["ajp-apr-8819"]
04-Apr-2019 09:53:04.003 INFO [Thread-5] org.apache.catalina.core.StandardService.stopInternal Stopping service Catalina
04-Apr-2019 09:53:04.119 SEVERE [localhost-startStop-2] org.apache.catalina.loader.WebappClassLoaderBase.checkThreadLocalMapForLeaks The web application [solr] created a ThreadLocal with key of type [org.apache.solr.util.DateFormatUtil.ThreadLocalDateFormat] (value [org.apache.solr.util.DateFormatUtil$ThreadLocalDateFormat@7dedf89d]) and a value of type [org.apache.solr.util.DateFormatUtil.ISO8601CanonicalDateFormat] (value [org.apache.solr.util.DateFormatUtil$ISO8601CanonicalDateFormat@6b2ed43a]) but failed to remove it when the web application was stopped. Threads are going to be renewed over time to try and avoid a probable memory leak.
04-Apr-2019 09:53:04.120 SEVERE [localhost-startStop-2] org.apache.catalina.loader.WebappClassLoaderBase.checkThreadLocalMapForLeaks The web application [solr] created a ThreadLocal with key of type [org.apache.solr.util.DateFormatUtil.ThreadLocalDateFormat] (value [org.apache.solr.util.DateFormatUtil$ThreadLocalDateFormat@7dedf89d]) and a value of type [org.apache.solr.util.DateFormatUtil.ISO8601CanonicalDateFormat] (value [org.apache.solr.util.DateFormatUtil$ISO8601CanonicalDateFormat@6b2ed43a]) but failed to remove it when the web application was stopped. Threads are going to be renewed over time to try and avoid a probable memory leak.
04-Apr-2019 09:53:04.121 SEVERE [localhost-startStop-2] org.apache.catalina.loader.WebappClassLoaderBase.checkThreadLocalMapForLeaks The web application [solr] created a ThreadLocal with key of type [org.apache.solr.util.DateFormatUtil.ThreadLocalDateFormat] (value [org.apache.solr.util.DateFormatUtil$ThreadLocalDateFormat@7dedf89d]) and a value of type [org.apache.solr.util.DateFormatUtil.ISO8601CanonicalDateFormat] (value [org.apache.solr.util.DateFormatUtil$ISO8601CanonicalDateFormat@6b2ed43a]) but failed to remove it when the web application was stopped. Threads are going to be renewed over time to try and avoid a probable memory leak.
04-Apr-2019 09:53:04.122 SEVERE [localhost-startStop-2] org.apache.catalina.loader.WebappClassLoaderBase.checkThreadLocalMapForLeaks The web application [solr] created a ThreadLocal with key of type [org.apache.solr.util.DateFormatUtil.ThreadLocalDateFormat] (value [org.apache.solr.util.DateFormatUtil$ThreadLocalDateFormat@7dedf89d]) and a value of type [org.apache.solr.util.DateFormatUtil.ISO8601CanonicalDateFormat] (value [org.apache.solr.util.DateFormatUtil$ISO8601CanonicalDateFormat@6b2ed43a]) but failed to remove it when the web application was stopped. Threads are going to be renewed over time to try and avoid a probable memory leak.
04-Apr-2019 09:53:04.124 SEVERE [localhost-startStop-2] org.apache.catalina.loader.WebappClassLoaderBase.checkThreadLocalMapForLeaks The web application [solr] created a ThreadLocal with key of type [org.apache.solr.util.DateFormatUtil.ThreadLocalDateFormat] (value [org.apache.solr.util.DateFormatUtil$ThreadLocalDateFormat@7dedf89d]) and a value of type [org.apache.solr.util.DateFormatUtil.ISO8601CanonicalDateFormat] (value [org.apache.solr.util.DateFormatUtil$ISO8601CanonicalDateFormat@6b2ed43a]) but failed to remove it when the web application was stopped. Threads are going to be renewed over time to try and avoid a probable memory leak.
04-Apr-2019 09:53:04.125 SEVERE [localhost-startStop-2] org.apache.catalina.loader.WebappClassLoaderBase.checkThreadLocalMapForLeaks The web application [solr] created a ThreadLocal with key of type [org.apache.solr.util.DateFormatUtil.ThreadLocalDateFormat] (value [org.apache.solr.util.DateFormatUtil$ThreadLocalDateFormat@7dedf89d]) and a value of type [org.apache.solr.util.DateFormatUtil.ISO8601CanonicalDateFormat] (value [org.apache.solr.util.DateFormatUtil$ISO8601CanonicalDateFormat@6b2ed43a]) but failed to remove it when the web application was stopped. Threads are going to be renewed over time to try and avoid a probable memory leak.
04-Apr-2019 09:53:04.126 SEVERE [localhost-startStop-2] org.apache.catalina.loader.WebappClassLoaderBase.checkThreadLocalMapForLeaks The web application [solr] created a ThreadLocal with key of type [org.apache.solr.util.DateFormatUtil.ThreadLocalDateFormat] (value [org.apache.solr.util.DateFormatUtil$ThreadLocalDateFormat@7dedf89d]) and a value of type [org.apache.solr.util.DateFormatUtil.ISO8601CanonicalDateFormat] (value [org.apache.solr.util.DateFormatUtil$ISO8601CanonicalDateFormat@6b2ed43a]) but failed to remove it when the web application was stopped. Threads are going to be renewed over time to try and avoid a probable memory leak.
04-Apr-2019 09:53:04.127 SEVERE [localhost-startStop-2] org.apache.catalina.loader.WebappClassLoaderBase.checkThreadLocalMapForLeaks The web application [solr] created a ThreadLocal with key of type [org.apache.solr.util.DateFormatUtil.ThreadLocalDateFormat] (value [org.apache.solr.util.DateFormatUtil$ThreadLocalDateFormat@7dedf89d]) and a value of type [org.apache.solr.util.DateFormatUtil.ISO8601CanonicalDateFormat] (value [org.apache.solr.util.DateFormatUtil$ISO8601CanonicalDateFormat@6b2ed43a]) but failed to remove it when the web application was stopped. Threads are going to be renewed over time to try and avoid a probable memory leak.
04-Apr-2019 09:53:04.128 SEVERE [localhost-startStop-2] org.apache.catalina.loader.WebappClassLoaderBase.checkThreadLocalMapForLeaks The web application [solr] created a ThreadLocal with key of type [org.apache.solr.util.DateFormatUtil.ThreadLocalDateFormat] (value [org.apache.solr.util.DateFormatUtil$ThreadLocalDateFormat@7dedf89d]) and a value of type [org.apache.solr.util.DateFormatUtil.ISO8601CanonicalDateFormat] (value [org.apache.solr.util.DateFormatUtil$ISO8601CanonicalDateFormat@6b2ed43a]) but failed to remove it when the web application was stopped. Threads are going to be renewed over time to try and avoid a probable memory leak.
04-Apr-2019 09:53:04.134 INFO [Thread-5] org.apache.coyote.AbstractProtocol.stop Stopping ProtocolHandler ["http-apr-8880"]
04-Apr-2019 09:53:04.205 INFO [Thread-5] org.apache.coyote.AbstractProtocol.stop Stopping ProtocolHandler ["ajp-apr-8819"]
04-Apr-2019 09:53:04.257 INFO [Thread-5] org.apache.coyote.AbstractProtocol.destroy Destroying ProtocolHandler ["http-apr-8880"]
04-Apr-2019 09:53:04.258 INFO [Thread-5] org.apache.coyote.AbstractProtocol.destroy Destroying ProtocolHandler ["ajp-apr-8819"]
04-Apr-2019 09:53:09.459 INFO [main] org.apache.catalina.startup.VersionLoggerListener.log Server version:        Apache Tomcat/8.0.36
04-Apr-2019 09:53:09.461 INFO [main] org.apache.catalina.startup.VersionLoggerListener.log Server built:          Jun 9 2016 13:55:50 UTC
04-Apr-2019 09:53:09.461 INFO [main] org.apache.catalina.startup.VersionLoggerListener.log Server number:         8.0.36.0
04-Apr-2019 09:53:09.461 INFO [main] org.apache.catalina.startup.VersionLoggerListener.log OS Name:               Windows 10
04-Apr-2019 09:53:09.461 INFO [main] org.apache.catalina.startup.VersionLoggerListener.log OS Version:            10.0
04-Apr-2019 09:53:09.462 INFO [main] org.apache.catalina.startup.VersionLoggerListener.log Architecture:          amd64
04-Apr-2019 09:53:09.462 INFO [main] org.apache.catalina.startup.VersionLoggerListener.log Java Home:             D:\jdk\jdk80131\jre
04-Apr-2019 09:53:09.462 INFO [main] org.apache.catalina.startup.VersionLoggerListener.log JVM Version:           1.8.0_131-b11
04-Apr-2019 09:53:09.462 INFO [main] org.apache.catalina.startup.VersionLoggerListener.log JVM Vendor:            Oracle Corporation
04-Apr-2019 09:53:09.462 INFO [main] org.apache.catalina.startup.VersionLoggerListener.log CATALINA_BASE:         D:\solr\apache-tomcat-8-zyx
04-Apr-2019 09:53:09.463 INFO [main] org.apache.catalina.startup.VersionLoggerListener.log CATALINA_HOME:         D:\solr\apache-tomcat-8-zyx
04-Apr-2019 09:53:09.463 INFO [main] org.apache.catalina.startup.VersionLoggerListener.log Command line argument: -Djdk.tls.ephemeralDHKeySize=2048
04-Apr-2019 09:53:09.463 INFO [main] org.apache.catalina.startup.VersionLoggerListener.log Command line argument: -Djava.util.logging.config.file=D:\solr\apache-tomcat-8-zyx\conf\logging.properties
04-Apr-2019 09:53:09.463 INFO [main] org.apache.catalina.startup.VersionLoggerListener.log Command line argument: -Djava.util.logging.manager=org.apache.juli.ClassLoaderLogManager
04-Apr-2019 09:53:09.463 INFO [main] org.apache.catalina.startup.VersionLoggerListener.log Command line argument: -Djava.endorsed.dirs=D:\solr\apache-tomcat-8-zyx\endorsed
04-Apr-2019 09:53:09.464 INFO [main] org.apache.catalina.startup.VersionLoggerListener.log Command line argument: -Dcatalina.base=D:\solr\apache-tomcat-8-zyx
04-Apr-2019 09:53:09.464 INFO [main] org.apache.catalina.startup.VersionLoggerListener.log Command line argument: -Dcatalina.home=D:\solr\apache-tomcat-8-zyx
04-Apr-2019 09:53:09.464 INFO [main] org.apache.catalina.startup.VersionLoggerListener.log Command line argument: -Djava.io.tmpdir=D:\solr\apache-tomcat-8-zyx\temp
04-Apr-2019 09:53:09.465 INFO [main] org.apache.catalina.core.AprLifecycleListener.lifecycleEvent Loaded APR based Apache Tomcat Native library 1.2.7 using APR version 1.5.2.
04-Apr-2019 09:53:09.465 INFO [main] org.apache.catalina.core.AprLifecycleListener.lifecycleEvent APR capabilities: IPv6 [true], sendfile [true], accept filters [false], random [true].
04-Apr-2019 09:53:10.290 INFO [main] org.apache.catalina.core.AprLifecycleListener.initializeSSL OpenSSL successfully initialized (OpenSSL 1.0.2h  3 May 2016)
04-Apr-2019 09:53:10.442 INFO [main] org.apache.coyote.AbstractProtocol.init Initializing ProtocolHandler ["http-apr-8880"]
04-Apr-2019 09:53:10.461 INFO [main] org.apache.coyote.AbstractProtocol.init Initializing ProtocolHandler ["ajp-apr-8819"]
04-Apr-2019 09:53:10.463 INFO [main] org.apache.catalina.startup.Catalina.load Initialization processed in 1517 ms
04-Apr-2019 09:53:10.504 INFO [main] org.apache.catalina.core.StandardService.startInternal Starting service Catalina
04-Apr-2019 09:53:10.505 INFO [main] org.apache.catalina.core.StandardEngine.startInternal Starting Servlet Engine: Apache Tomcat/8.0.36
04-Apr-2019 09:53:10.519 INFO [localhost-startStop-1] org.apache.catalina.startup.HostConfig.deployDirectory Deploying web application directory D:\solr\apache-tomcat-8-zyx\webapps\solr
04-Apr-2019 09:53:16.302 INFO [localhost-startStop-1] org.apache.jasper.servlet.TldScanner.scanJars At least one JAR was scanned for TLDs yet contained no TLDs. Enable debug logging for this logger for a complete list of JARs that were scanned but no TLDs were found in them. Skipping unneeded JARs during scanning can improve startup time and JSP compilation time.
04-Apr-2019 09:53:16.628 INFO [localhost-startStop-1] org.apache.catalina.util.SessionIdGeneratorBase.createSecureRandom Creation of SecureRandom instance for session ID generation using [SHA1PRNG] took [290] milliseconds.
04-Apr-2019 09:53:18.118 INFO [localhost-startStop-1] org.apache.catalina.startup.HostConfig.deployDirectory Deployment of web application directory D:\solr\apache-tomcat-8-zyx\webapps\solr has finished in 7,598 ms
04-Apr-2019 09:53:18.237 INFO [main] org.apache.coyote.AbstractProtocol.start Starting ProtocolHandler ["http-apr-8880"]
04-Apr-2019 09:53:18.261 INFO [main] org.apache.coyote.AbstractProtocol.start Starting ProtocolHandler ["ajp-apr-8819"]
04-Apr-2019 09:53:18.289 INFO [main] org.apache.catalina.startup.Catalina.start Server startup in 7825 ms
04-Apr-2019 10:04:49.234 INFO [Thread-5] org.apache.coyote.AbstractProtocol.pause Pausing ProtocolHandler ["http-apr-8880"]
04-Apr-2019 10:04:49.240 INFO [Thread-5] org.apache.coyote.AbstractProtocol.pause Pausing ProtocolHandler ["ajp-apr-8819"]
04-Apr-2019 10:04:49.292 INFO [Thread-5] org.apache.catalina.core.StandardService.stopInternal Stopping service Catalina
04-Apr-2019 10:04:49.351 SEVERE [localhost-startStop-2] org.apache.catalina.loader.WebappClassLoaderBase.checkThreadLocalMapForLeaks The web application [solr] created a ThreadLocal with key of type [org.apache.solr.util.DateFormatUtil.ThreadLocalDateFormat] (value [org.apache.solr.util.DateFormatUtil$ThreadLocalDateFormat@be5189f]) and a value of type [org.apache.solr.util.DateFormatUtil.ISO8601CanonicalDateFormat] (value [org.apache.solr.util.DateFormatUtil$ISO8601CanonicalDateFormat@6b2ed43a]) but failed to remove it when the web application was stopped. Threads are going to be renewed over time to try and avoid a probable memory leak.
04-Apr-2019 10:04:49.354 SEVERE [localhost-startStop-2] org.apache.catalina.loader.WebappClassLoaderBase.checkThreadLocalMapForLeaks The web application [solr] created a ThreadLocal with key of type [org.apache.solr.util.DateFormatUtil.ThreadLocalDateFormat] (value [org.apache.solr.util.DateFormatUtil$ThreadLocalDateFormat@be5189f]) and a value of type [org.apache.solr.util.DateFormatUtil.ISO8601CanonicalDateFormat] (value [org.apache.solr.util.DateFormatUtil$ISO8601CanonicalDateFormat@6b2ed43a]) but failed to remove it when the web application was stopped. Threads are going to be renewed over time to try and avoid a probable memory leak.
04-Apr-2019 10:04:49.355 SEVERE [localhost-startStop-2] org.apache.catalina.loader.WebappClassLoaderBase.checkThreadLocalMapForLeaks The web application [solr] created a ThreadLocal with key of type [org.apache.solr.util.DateFormatUtil.ThreadLocalDateFormat] (value [org.apache.solr.util.DateFormatUtil$ThreadLocalDateFormat@be5189f]) and a value of type [org.apache.solr.util.DateFormatUtil.ISO8601CanonicalDateFormat] (value [org.apache.solr.util.DateFormatUtil$ISO8601CanonicalDateFormat@6b2ed43a]) but failed to remove it when the web application was stopped. Threads are going to be renewed over time to try and avoid a probable memory leak.
04-Apr-2019 10:04:49.356 SEVERE [localhost-startStop-2] org.apache.catalina.loader.WebappClassLoaderBase.checkThreadLocalMapForLeaks The web application [solr] created a ThreadLocal with key of type [org.apache.solr.util.DateFormatUtil.ThreadLocalDateFormat] (value [org.apache.solr.util.DateFormatUtil$ThreadLocalDateFormat@be5189f]) and a value of type [org.apache.solr.util.DateFormatUtil.ISO8601CanonicalDateFormat] (value [org.apache.solr.util.DateFormatUtil$ISO8601CanonicalDateFormat@6b2ed43a]) but failed to remove it when the web application was stopped. Threads are going to be renewed over time to try and avoid a probable memory leak.
04-Apr-2019 10:04:49.358 SEVERE [localhost-startStop-2] org.apache.catalina.loader.WebappClassLoaderBase.checkThreadLocalMapForLeaks The web application [solr] created a ThreadLocal with key of type [org.apache.solr.util.DateFormatUtil.ThreadLocalDateFormat] (value [org.apache.solr.util.DateFormatUtil$ThreadLocalDateFormat@be5189f]) and a value of type [org.apache.solr.util.DateFormatUtil.ISO8601CanonicalDateFormat] (value [org.apache.solr.util.DateFormatUtil$ISO8601CanonicalDateFormat@6b2ed43a]) but failed to remove it when the web application was stopped. Threads are going to be renewed over time to try and avoid a probable memory leak.
04-Apr-2019 10:04:49.359 SEVERE [localhost-startStop-2] org.apache.catalina.loader.WebappClassLoaderBase.checkThreadLocalMapForLeaks The web application [solr] created a ThreadLocal with key of type [org.apache.solr.util.DateFormatUtil.ThreadLocalDateFormat] (value [org.apache.solr.util.DateFormatUtil$ThreadLocalDateFormat@be5189f]) and a value of type [org.apache.solr.util.DateFormatUtil.ISO8601CanonicalDateFormat] (value [org.apache.solr.util.DateFormatUtil$ISO8601CanonicalDateFormat@6b2ed43a]) but failed to remove it when the web application was stopped. Threads are going to be renewed over time to try and avoid a probable memory leak.
04-Apr-2019 10:04:49.361 SEVERE [localhost-startStop-2] org.apache.catalina.loader.WebappClassLoaderBase.checkThreadLocalMapForLeaks The web application [solr] created a ThreadLocal with key of type [org.apache.solr.util.DateFormatUtil.ThreadLocalDateFormat] (value [org.apache.solr.util.DateFormatUtil$ThreadLocalDateFormat@be5189f]) and a value of type [org.apache.solr.util.DateFormatUtil.ISO8601CanonicalDateFormat] (value [org.apache.solr.util.DateFormatUtil$ISO8601CanonicalDateFormat@6b2ed43a]) but failed to remove it when the web application was stopped. Threads are going to be renewed over time to try and avoid a probable memory leak.
04-Apr-2019 10:04:49.365 SEVERE [localhost-startStop-2] org.apache.catalina.loader.WebappClassLoaderBase.checkThreadLocalMapForLeaks The web application [solr] created a ThreadLocal with key of type [org.apache.solr.util.DateFormatUtil.ThreadLocalDateFormat] (value [org.apache.solr.util.DateFormatUtil$ThreadLocalDateFormat@be5189f]) and a value of type [org.apache.solr.util.DateFormatUtil.ISO8601CanonicalDateFormat] (value [org.apache.solr.util.DateFormatUtil$ISO8601CanonicalDateFormat@6b2ed43a]) but failed to remove it when the web application was stopped. Threads are going to be renewed over time to try and avoid a probable memory leak.
04-Apr-2019 10:04:49.366 SEVERE [localhost-startStop-2] org.apache.catalina.loader.WebappClassLoaderBase.checkThreadLocalMapForLeaks The web application [solr] created a ThreadLocal with key of type [org.apache.solr.util.DateFormatUtil.ThreadLocalDateFormat] (value [org.apache.solr.util.DateFormatUtil$ThreadLocalDateFormat@be5189f]) and a value of type [org.apache.solr.util.DateFormatUtil.ISO8601CanonicalDateFormat] (value [org.apache.solr.util.DateFormatUtil$ISO8601CanonicalDateFormat@6b2ed43a]) but failed to remove it when the web application was stopped. Threads are going to be renewed over time to try and avoid a probable memory leak.
04-Apr-2019 10:04:49.367 SEVERE [localhost-startStop-2] org.apache.catalina.loader.WebappClassLoaderBase.checkThreadLocalMapForLeaks The web application [solr] created a ThreadLocal with key of type [org.apache.solr.util.DateFormatUtil.ThreadLocalDateFormat] (value [org.apache.solr.util.DateFormatUtil$ThreadLocalDateFormat@be5189f]) and a value of type [org.apache.solr.util.DateFormatUtil.ISO8601CanonicalDateFormat] (value [org.apache.solr.util.DateFormatUtil$ISO8601CanonicalDateFormat@6b2ed43a]) but failed to remove it when the web application was stopped. Threads are going to be renewed over time to try and avoid a probable memory leak.
04-Apr-2019 10:04:49.376 INFO [Thread-5] org.apache.coyote.AbstractProtocol.stop Stopping ProtocolHandler ["http-apr-8880"]
04-Apr-2019 10:04:49.431 INFO [Thread-5] org.apache.coyote.AbstractProtocol.stop Stopping ProtocolHandler ["ajp-apr-8819"]
04-Apr-2019 10:04:49.484 INFO [Thread-5] org.apache.coyote.AbstractProtocol.destroy Destroying ProtocolHandler ["http-apr-8880"]
04-Apr-2019 10:04:49.484 INFO [Thread-5] org.apache.coyote.AbstractProtocol.destroy Destroying ProtocolHandler ["ajp-apr-8819"]
04-Apr-2019 10:22:16.171 INFO [main] org.apache.catalina.startup.VersionLoggerListener.log Server version:        Apache Tomcat/8.0.36
04-Apr-2019 10:22:16.172 INFO [main] org.apache.catalina.startup.VersionLoggerListener.log Server built:          Jun 9 2016 13:55:50 UTC
04-Apr-2019 10:22:16.173 INFO [main] org.apache.catalina.startup.VersionLoggerListener.log Server number:         8.0.36.0
04-Apr-2019 10:22:16.173 INFO [main] org.apache.catalina.startup.VersionLoggerListener.log OS Name:               Windows 10
04-Apr-2019 10:22:16.173 INFO [main] org.apache.catalina.startup.VersionLoggerListener.log OS Version:            10.0
04-Apr-2019 10:22:16.173 INFO [main] org.apache.catalina.startup.VersionLoggerListener.log Architecture:          amd64
04-Apr-2019 10:22:16.173 INFO [main] org.apache.catalina.startup.VersionLoggerListener.log Java Home:             D:\jdk\jdk80131\jre
04-Apr-2019 10:22:16.173 INFO [main] org.apache.catalina.startup.VersionLoggerListener.log JVM Version:           1.8.0_131-b11
04-Apr-2019 10:22:16.174 INFO [main] org.apache.catalina.startup.VersionLoggerListener.log JVM Vendor:            Oracle Corporation
04-Apr-2019 10:22:16.174 INFO [main] org.apache.catalina.startup.VersionLoggerListener.log CATALINA_BASE:         D:\solr\apache-tomcat-8-zyx
04-Apr-2019 10:22:16.174 INFO [main] org.apache.catalina.startup.VersionLoggerListener.log CATALINA_HOME:         D:\solr\apache-tomcat-8-zyx
04-Apr-2019 10:22:16.174 INFO [main] org.apache.catalina.startup.VersionLoggerListener.log Command line argument: -Djdk.tls.ephemeralDHKeySize=2048
04-Apr-2019 10:22:16.174 INFO [main] org.apache.catalina.startup.VersionLoggerListener.log Command line argument: -Djava.util.logging.config.file=D:\solr\apache-tomcat-8-zyx\conf\logging.properties
04-Apr-2019 10:22:16.175 INFO [main] org.apache.catalina.startup.VersionLoggerListener.log Command line argument: -Djava.util.logging.manager=org.apache.juli.ClassLoaderLogManager
04-Apr-2019 10:22:16.175 INFO [main] org.apache.catalina.startup.VersionLoggerListener.log Command line argument: -Djava.endorsed.dirs=D:\solr\apache-tomcat-8-zyx\endorsed
04-Apr-2019 10:22:16.175 INFO [main] org.apache.catalina.startup.VersionLoggerListener.log Command line argument: -Dcatalina.base=D:\solr\apache-tomcat-8-zyx
04-Apr-2019 10:22:16.175 INFO [main] org.apache.catalina.startup.VersionLoggerListener.log Command line argument: -Dcatalina.home=D:\solr\apache-tomcat-8-zyx
04-Apr-2019 10:22:16.176 INFO [main] org.apache.catalina.startup.VersionLoggerListener.log Command line argument: -Djava.io.tmpdir=D:\solr\apache-tomcat-8-zyx\temp
04-Apr-2019 10:22:16.176 INFO [main] org.apache.catalina.core.AprLifecycleListener.lifecycleEvent Loaded APR based Apache Tomcat Native library 1.2.7 using APR version 1.5.2.
04-Apr-2019 10:22:16.177 INFO [main] org.apache.catalina.core.AprLifecycleListener.lifecycleEvent APR capabilities: IPv6 [true], sendfile [true], accept filters [false], random [true].
04-Apr-2019 10:22:16.983 INFO [main] org.apache.catalina.core.AprLifecycleListener.initializeSSL OpenSSL successfully initialized (OpenSSL 1.0.2h  3 May 2016)
04-Apr-2019 10:22:17.145 INFO [main] org.apache.coyote.AbstractProtocol.init Initializing ProtocolHandler ["http-apr-8880"]
04-Apr-2019 10:22:17.172 INFO [main] org.apache.coyote.AbstractProtocol.init Initializing ProtocolHandler ["ajp-apr-8819"]
04-Apr-2019 10:22:17.175 INFO [main] org.apache.catalina.startup.Catalina.load Initialization processed in 1485 ms
04-Apr-2019 10:22:17.227 INFO [main] org.apache.catalina.core.StandardService.startInternal Starting service Catalina
04-Apr-2019 10:22:17.228 INFO [main] org.apache.catalina.core.StandardEngine.startInternal Starting Servlet Engine: Apache Tomcat/8.0.36
04-Apr-2019 10:22:17.243 INFO [localhost-startStop-1] org.apache.catalina.startup.HostConfig.deployDirectory Deploying web application directory D:\solr\apache-tomcat-8-zyx\webapps\solr
04-Apr-2019 10:22:22.412 INFO [localhost-startStop-1] org.apache.jasper.servlet.TldScanner.scanJars At least one JAR was scanned for TLDs yet contained no TLDs. Enable debug logging for this logger for a complete list of JARs that were scanned but no TLDs were found in them. Skipping unneeded JARs during scanning can improve startup time and JSP compilation time.
04-Apr-2019 10:22:22.703 INFO [localhost-startStop-1] org.apache.catalina.util.SessionIdGeneratorBase.createSecureRandom Creation of SecureRandom instance for session ID generation using [SHA1PRNG] took [261] milliseconds.
04-Apr-2019 10:22:24.190 INFO [localhost-startStop-1] org.apache.catalina.startup.HostConfig.deployDirectory Deployment of web application directory D:\solr\apache-tomcat-8-zyx\webapps\solr has finished in 6,947 ms
04-Apr-2019 10:22:24.195 INFO [main] org.apache.coyote.AbstractProtocol.start Starting ProtocolHandler ["http-apr-8880"]
04-Apr-2019 10:22:24.212 INFO [main] org.apache.coyote.AbstractProtocol.start Starting ProtocolHandler ["ajp-apr-8819"]
04-Apr-2019 10:22:24.226 INFO [main] org.apache.catalina.startup.Catalina.start Server startup in 7048 ms
04-Apr-2019 10:27:43.536 INFO [Thread-5] org.apache.coyote.AbstractProtocol.pause Pausing ProtocolHandler ["http-apr-8880"]
04-Apr-2019 10:27:43.590 INFO [Thread-5] org.apache.coyote.AbstractProtocol.pause Pausing ProtocolHandler ["ajp-apr-8819"]
04-Apr-2019 10:27:43.643 INFO [Thread-5] org.apache.catalina.core.StandardService.stopInternal Stopping service Catalina
04-Apr-2019 10:27:43.702 SEVERE [localhost-startStop-2] org.apache.catalina.loader.WebappClassLoaderBase.checkThreadLocalMapForLeaks The web application [solr] created a ThreadLocal with key of type [org.apache.solr.util.DateFormatUtil.ThreadLocalDateFormat] (value [org.apache.solr.util.DateFormatUtil$ThreadLocalDateFormat@3380e541]) and a value of type [org.apache.solr.util.DateFormatUtil.ISO8601CanonicalDateFormat] (value [org.apache.solr.util.DateFormatUtil$ISO8601CanonicalDateFormat@6b2ed43a]) but failed to remove it when the web application was stopped. Threads are going to be renewed over time to try and avoid a probable memory leak.
04-Apr-2019 10:27:43.704 SEVERE [localhost-startStop-2] org.apache.catalina.loader.WebappClassLoaderBase.checkThreadLocalMapForLeaks The web application [solr] created a ThreadLocal with key of type [org.apache.solr.util.DateFormatUtil.ThreadLocalDateFormat] (value [org.apache.solr.util.DateFormatUtil$ThreadLocalDateFormat@3380e541]) and a value of type [org.apache.solr.util.DateFormatUtil.ISO8601CanonicalDateFormat] (value [org.apache.solr.util.DateFormatUtil$ISO8601CanonicalDateFormat@6b2ed43a]) but failed to remove it when the web application was stopped. Threads are going to be renewed over time to try and avoid a probable memory leak.
04-Apr-2019 10:27:43.705 SEVERE [localhost-startStop-2] org.apache.catalina.loader.WebappClassLoaderBase.checkThreadLocalMapForLeaks The web application [solr] created a ThreadLocal with key of type [org.apache.solr.util.DateFormatUtil.ThreadLocalDateFormat] (value [org.apache.solr.util.DateFormatUtil$ThreadLocalDateFormat@3380e541]) and a value of type [org.apache.solr.util.DateFormatUtil.ISO8601CanonicalDateFormat] (value [org.apache.solr.util.DateFormatUtil$ISO8601CanonicalDateFormat@6b2ed43a]) but failed to remove it when the web application was stopped. Threads are going to be renewed over time to try and avoid a probable memory leak.
04-Apr-2019 10:27:43.707 SEVERE [localhost-startStop-2] org.apache.catalina.loader.WebappClassLoaderBase.checkThreadLocalMapForLeaks The web application [solr] created a ThreadLocal with key of type [org.apache.solr.util.DateFormatUtil.ThreadLocalDateFormat] (value [org.apache.solr.util.DateFormatUtil$ThreadLocalDateFormat@3380e541]) and a value of type [org.apache.solr.util.DateFormatUtil.ISO8601CanonicalDateFormat] (value [org.apache.solr.util.DateFormatUtil$ISO8601CanonicalDateFormat@6b2ed43a]) but failed to remove it when the web application was stopped. Threads are going to be renewed over time to try and avoid a probable memory leak.
04-Apr-2019 10:27:43.708 SEVERE [localhost-startStop-2] org.apache.catalina.loader.WebappClassLoaderBase.checkThreadLocalMapForLeaks The web application [solr] created a ThreadLocal with key of type [org.apache.solr.util.DateFormatUtil.ThreadLocalDateFormat] (value [org.apache.solr.util.DateFormatUtil$ThreadLocalDateFormat@3380e541]) and a value of type [org.apache.solr.util.DateFormatUtil.ISO8601CanonicalDateFormat] (value [org.apache.solr.util.DateFormatUtil$ISO8601CanonicalDateFormat@6b2ed43a]) but failed to remove it when the web application was stopped. Threads are going to be renewed over time to try and avoid a probable memory leak.
04-Apr-2019 10:27:43.709 SEVERE [localhost-startStop-2] org.apache.catalina.loader.WebappClassLoaderBase.checkThreadLocalMapForLeaks The web application [solr] created a ThreadLocal with key of type [org.apache.solr.util.DateFormatUtil.ThreadLocalDateFormat] (value [org.apache.solr.util.DateFormatUtil$ThreadLocalDateFormat@3380e541]) and a value of type [org.apache.solr.util.DateFormatUtil.ISO8601CanonicalDateFormat] (value [org.apache.solr.util.DateFormatUtil$ISO8601CanonicalDateFormat@6b2ed43a]) but failed to remove it when the web application was stopped. Threads are going to be renewed over time to try and avoid a probable memory leak.
04-Apr-2019 10:27:43.710 SEVERE [localhost-startStop-2] org.apache.catalina.loader.WebappClassLoaderBase.checkThreadLocalMapForLeaks The web application [solr] created a ThreadLocal with key of type [org.apache.solr.util.DateFormatUtil.ThreadLocalDateFormat] (value [org.apache.solr.util.DateFormatUtil$ThreadLocalDateFormat@3380e541]) and a value of type [org.apache.solr.util.DateFormatUtil.ISO8601CanonicalDateFormat] (value [org.apache.solr.util.DateFormatUtil$ISO8601CanonicalDateFormat@6b2ed43a]) but failed to remove it when the web application was stopped. Threads are going to be renewed over time to try and avoid a probable memory leak.
04-Apr-2019 10:27:43.711 SEVERE [localhost-startStop-2] org.apache.catalina.loader.WebappClassLoaderBase.checkThreadLocalMapForLeaks The web application [solr] created a ThreadLocal with key of type [org.apache.solr.util.DateFormatUtil.ThreadLocalDateFormat] (value [org.apache.solr.util.DateFormatUtil$ThreadLocalDateFormat@3380e541]) and a value of type [org.apache.solr.util.DateFormatUtil.ISO8601CanonicalDateFormat] (value [org.apache.solr.util.DateFormatUtil$ISO8601CanonicalDateFormat@6b2ed43a]) but failed to remove it when the web application was stopped. Threads are going to be renewed over time to try and avoid a probable memory leak.
04-Apr-2019 10:27:43.712 SEVERE [localhost-startStop-2] org.apache.catalina.loader.WebappClassLoaderBase.checkThreadLocalMapForLeaks The web application [solr] created a ThreadLocal with key of type [org.apache.solr.util.DateFormatUtil.ThreadLocalDateFormat] (value [org.apache.solr.util.DateFormatUtil$ThreadLocalDateFormat@3380e541]) and a value of type [org.apache.solr.util.DateFormatUtil.ISO8601CanonicalDateFormat] (value [org.apache.solr.util.DateFormatUtil$ISO8601CanonicalDateFormat@6b2ed43a]) but failed to remove it when the web application was stopped. Threads are going to be renewed over time to try and avoid a probable memory leak.
04-Apr-2019 10:27:43.718 INFO [Thread-5] org.apache.coyote.AbstractProtocol.stop Stopping ProtocolHandler ["http-apr-8880"]
04-Apr-2019 10:27:43.772 INFO [Thread-5] org.apache.coyote.AbstractProtocol.stop Stopping ProtocolHandler ["ajp-apr-8819"]
04-Apr-2019 10:27:43.826 INFO [Thread-5] org.apache.coyote.AbstractProtocol.destroy Destroying ProtocolHandler ["http-apr-8880"]
04-Apr-2019 10:27:43.827 INFO [Thread-5] org.apache.coyote.AbstractProtocol.destroy Destroying ProtocolHandler ["ajp-apr-8819"]
04-Apr-2019 10:28:02.468 INFO [main] org.apache.catalina.startup.VersionLoggerListener.log Server version:        Apache Tomcat/8.0.36
04-Apr-2019 10:28:02.470 INFO [main] org.apache.catalina.startup.VersionLoggerListener.log Server built:          Jun 9 2016 13:55:50 UTC
04-Apr-2019 10:28:02.470 INFO [main] org.apache.catalina.startup.VersionLoggerListener.log Server number:         8.0.36.0
04-Apr-2019 10:28:02.470 INFO [main] org.apache.catalina.startup.VersionLoggerListener.log OS Name:               Windows 10
04-Apr-2019 10:28:02.470 INFO [main] org.apache.catalina.startup.VersionLoggerListener.log OS Version:            10.0
04-Apr-2019 10:28:02.471 INFO [main] org.apache.catalina.startup.VersionLoggerListener.log Architecture:          amd64
04-Apr-2019 10:28:02.471 INFO [main] org.apache.catalina.startup.VersionLoggerListener.log Java Home:             D:\jdk\jdk80131\jre
04-Apr-2019 10:28:02.471 INFO [main] org.apache.catalina.startup.VersionLoggerListener.log JVM Version:           1.8.0_131-b11
04-Apr-2019 10:28:02.472 INFO [main] org.apache.catalina.startup.VersionLoggerListener.log JVM Vendor:            Oracle Corporation
04-Apr-2019 10:28:02.472 INFO [main] org.apache.catalina.startup.VersionLoggerListener.log CATALINA_BASE:         D:\solr\apache-tomcat-8-zyx
04-Apr-2019 10:28:02.472 INFO [main] org.apache.catalina.startup.VersionLoggerListener.log CATALINA_HOME:         D:\solr\apache-tomcat-8-zyx
04-Apr-2019 10:28:02.472 INFO [main] org.apache.catalina.startup.VersionLoggerListener.log Command line argument: -Djdk.tls.ephemeralDHKeySize=2048
04-Apr-2019 10:28:02.473 INFO [main] org.apache.catalina.startup.VersionLoggerListener.log Command line argument: -Djava.util.logging.config.file=D:\solr\apache-tomcat-8-zyx\conf\logging.properties
04-Apr-2019 10:28:02.473 INFO [main] org.apache.catalina.startup.VersionLoggerListener.log Command line argument: -Djava.util.logging.manager=org.apache.juli.ClassLoaderLogManager
04-Apr-2019 10:28:02.473 INFO [main] org.apache.catalina.startup.VersionLoggerListener.log Command line argument: -Djava.endorsed.dirs=D:\solr\apache-tomcat-8-zyx\endorsed
04-Apr-2019 10:28:02.474 INFO [main] org.apache.catalina.startup.VersionLoggerListener.log Command line argument: -Dcatalina.base=D:\solr\apache-tomcat-8-zyx
04-Apr-2019 10:28:02.475 INFO [main] org.apache.catalina.startup.VersionLoggerListener.log Command line argument: -Dcatalina.home=D:\solr\apache-tomcat-8-zyx
04-Apr-2019 10:28:02.475 INFO [main] org.apache.catalina.startup.VersionLoggerListener.log Command line argument: -Djava.io.tmpdir=D:\solr\apache-tomcat-8-zyx\temp
04-Apr-2019 10:28:02.476 INFO [main] org.apache.catalina.core.AprLifecycleListener.lifecycleEvent Loaded APR based Apache Tomcat Native library 1.2.7 using APR version 1.5.2.
04-Apr-2019 10:28:02.477 INFO [main] org.apache.catalina.core.AprLifecycleListener.lifecycleEvent APR capabilities: IPv6 [true], sendfile [true], accept filters [false], random [true].
04-Apr-2019 10:28:03.463 INFO [main] org.apache.catalina.core.AprLifecycleListener.initializeSSL OpenSSL successfully initialized (OpenSSL 1.0.2h  3 May 2016)
04-Apr-2019 10:28:03.644 INFO [main] org.apache.coyote.AbstractProtocol.init Initializing ProtocolHandler ["http-apr-8880"]
04-Apr-2019 10:28:03.665 INFO [main] org.apache.coyote.AbstractProtocol.init Initializing ProtocolHandler ["ajp-apr-8819"]
04-Apr-2019 10:28:03.668 INFO [main] org.apache.catalina.startup.Catalina.load Initialization processed in 1791 ms
04-Apr-2019 10:28:03.714 INFO [main] org.apache.catalina.core.StandardService.startInternal Starting service Catalina
04-Apr-2019 10:28:03.714 INFO [main] org.apache.catalina.core.StandardEngine.startInternal Starting Servlet Engine: Apache Tomcat/8.0.36
04-Apr-2019 10:28:03.733 INFO [localhost-startStop-1] org.apache.catalina.startup.HostConfig.deployDirectory Deploying web application directory D:\solr\apache-tomcat-8-zyx\webapps\solr
04-Apr-2019 10:28:09.879 INFO [localhost-startStop-1] org.apache.jasper.servlet.TldScanner.scanJars At least one JAR was scanned for TLDs yet contained no TLDs. Enable debug logging for this logger for a complete list of JARs that were scanned but no TLDs were found in them. Skipping unneeded JARs during scanning can improve startup time and JSP compilation time.
04-Apr-2019 10:28:10.595 INFO [localhost-startStop-1] org.apache.catalina.util.SessionIdGeneratorBase.createSecureRandom Creation of SecureRandom instance for session ID generation using [SHA1PRNG] took [607] milliseconds.
04-Apr-2019 10:28:12.166 INFO [localhost-startStop-1] org.apache.catalina.startup.HostConfig.deployDirectory Deployment of web application directory D:\solr\apache-tomcat-8-zyx\webapps\solr has finished in 8,432 ms
04-Apr-2019 10:28:12.215 INFO [main] org.apache.coyote.AbstractProtocol.start Starting ProtocolHandler ["http-apr-8880"]
04-Apr-2019 10:28:12.258 INFO [main] org.apache.coyote.AbstractProtocol.start Starting ProtocolHandler ["ajp-apr-8819"]
04-Apr-2019 10:28:12.270 INFO [main] org.apache.catalina.startup.Catalina.start Server startup in 8601 ms
04-Apr-2019 10:55:52.103 INFO [main] org.apache.catalina.startup.VersionLoggerListener.log Server version:        Apache Tomcat/8.0.36
04-Apr-2019 10:55:52.105 INFO [main] org.apache.catalina.startup.VersionLoggerListener.log Server built:          Jun 9 2016 13:55:50 UTC
04-Apr-2019 10:55:52.105 INFO [main] org.apache.catalina.startup.VersionLoggerListener.log Server number:         8.0.36.0
04-Apr-2019 10:55:52.105 INFO [main] org.apache.catalina.startup.VersionLoggerListener.log OS Name:               Windows 10
04-Apr-2019 10:55:52.105 INFO [main] org.apache.catalina.startup.VersionLoggerListener.log OS Version:            10.0
04-Apr-2019 10:55:52.105 INFO [main] org.apache.catalina.startup.VersionLoggerListener.log Architecture:          amd64
04-Apr-2019 10:55:52.105 INFO [main] org.apache.catalina.startup.VersionLoggerListener.log Java Home:             D:\jdk\jdk80131\jre
04-Apr-2019 10:55:52.106 INFO [main] org.apache.catalina.startup.VersionLoggerListener.log JVM Version:           1.8.0_131-b11
04-Apr-2019 10:55:52.106 INFO [main] org.apache.catalina.startup.VersionLoggerListener.log JVM Vendor:            Oracle Corporation
04-Apr-2019 10:55:52.106 INFO [main] org.apache.catalina.startup.VersionLoggerListener.log CATALINA_BASE:         D:\solr\apache-tomcat-8-zyx
04-Apr-2019 10:55:52.106 INFO [main] org.apache.catalina.startup.VersionLoggerListener.log CATALINA_HOME:         D:\solr\apache-tomcat-8-zyx
04-Apr-2019 10:55:52.107 INFO [main] org.apache.catalina.startup.VersionLoggerListener.log Command line argument: -Djdk.tls.ephemeralDHKeySize=2048
04-Apr-2019 10:55:52.107 INFO [main] org.apache.catalina.startup.VersionLoggerListener.log Command line argument: -Djava.util.logging.config.file=D:\solr\apache-tomcat-8-zyx\conf\logging.properties
04-Apr-2019 10:55:52.107 INFO [main] org.apache.catalina.startup.VersionLoggerListener.log Command line argument: -Djava.util.logging.manager=org.apache.juli.ClassLoaderLogManager
04-Apr-2019 10:55:52.107 INFO [main] org.apache.catalina.startup.VersionLoggerListener.log Command line argument: -Djava.endorsed.dirs=D:\solr\apache-tomcat-8-zyx\endorsed
04-Apr-2019 10:55:52.108 INFO [main] org.apache.catalina.startup.VersionLoggerListener.log Command line argument: -Dcatalina.base=D:\solr\apache-tomcat-8-zyx
04-Apr-2019 10:55:52.108 INFO [main] org.apache.catalina.startup.VersionLoggerListener.log Command line argument: -Dcatalina.home=D:\solr\apache-tomcat-8-zyx
04-Apr-2019 10:55:52.108 INFO [main] org.apache.catalina.startup.VersionLoggerListener.log Command line argument: -Djava.io.tmpdir=D:\solr\apache-tomcat-8-zyx\temp
04-Apr-2019 10:55:52.109 INFO [main] org.apache.catalina.core.AprLifecycleListener.lifecycleEvent Loaded APR based Apache Tomcat Native library 1.2.7 using APR version 1.5.2.
04-Apr-2019 10:55:52.110 INFO [main] org.apache.catalina.core.AprLifecycleListener.lifecycleEvent APR capabilities: IPv6 [true], sendfile [true], accept filters [false], random [true].
04-Apr-2019 10:55:52.959 INFO [main] org.apache.catalina.core.AprLifecycleListener.initializeSSL OpenSSL successfully initialized (OpenSSL 1.0.2h  3 May 2016)
04-Apr-2019 10:55:53.197 INFO [main] org.apache.coyote.AbstractProtocol.init Initializing ProtocolHandler ["http-apr-8880"]
04-Apr-2019 10:55:53.216 INFO [main] org.apache.coyote.AbstractProtocol.init Initializing ProtocolHandler ["ajp-apr-8819"]
04-Apr-2019 10:55:53.218 INFO [main] org.apache.catalina.startup.Catalina.load Initialization processed in 1598 ms
04-Apr-2019 10:55:53.284 INFO [main] org.apache.catalina.core.StandardService.startInternal Starting service Catalina
04-Apr-2019 10:55:53.284 INFO [main] org.apache.catalina.core.StandardEngine.startInternal Starting Servlet Engine: Apache Tomcat/8.0.36
04-Apr-2019 10:55:53.296 INFO [localhost-startStop-1] org.apache.catalina.startup.HostConfig.deployDirectory Deploying web application directory D:\solr\apache-tomcat-8-zyx\webapps\solr
04-Apr-2019 10:55:58.522 INFO [localhost-startStop-1] org.apache.jasper.servlet.TldScanner.scanJars At least one JAR was scanned for TLDs yet contained no TLDs. Enable debug logging for this logger for a complete list of JARs that were scanned but no TLDs were found in them. Skipping unneeded JARs during scanning can improve startup time and JSP compilation time.
04-Apr-2019 10:55:58.821 INFO [localhost-startStop-1] org.apache.catalina.util.SessionIdGeneratorBase.createSecureRandom Creation of SecureRandom instance for session ID generation using [SHA1PRNG] took [268] milliseconds.
04-Apr-2019 10:56:00.249 INFO [localhost-startStop-1] org.apache.catalina.startup.HostConfig.deployDirectory Deployment of web application directory D:\solr\apache-tomcat-8-zyx\webapps\solr has finished in 6,953 ms
04-Apr-2019 10:56:00.258 INFO [main] org.apache.coyote.AbstractProtocol.start Starting ProtocolHandler ["http-apr-8880"]
04-Apr-2019 10:56:00.283 INFO [main] org.apache.coyote.AbstractProtocol.start Starting ProtocolHandler ["ajp-apr-8819"]
04-Apr-2019 10:56:00.297 INFO [main] org.apache.catalina.startup.Catalina.start Server startup in 7077 ms
04-Apr-2019 10:59:09.329 INFO [Thread-5] org.apache.coyote.AbstractProtocol.pause Pausing ProtocolHandler ["http-apr-8880"]
04-Apr-2019 10:59:09.382 INFO [Thread-5] org.apache.coyote.AbstractProtocol.pause Pausing ProtocolHandler ["ajp-apr-8819"]
04-Apr-2019 10:59:09.433 INFO [Thread-5] org.apache.catalina.core.StandardService.stopInternal Stopping service Catalina
04-Apr-2019 10:59:09.486 SEVERE [localhost-startStop-2] org.apache.catalina.loader.WebappClassLoaderBase.checkThreadLocalMapForLeaks The web application [solr] created a ThreadLocal with key of type [org.apache.solr.util.DateFormatUtil.ThreadLocalDateFormat] (value [org.apache.solr.util.DateFormatUtil$ThreadLocalDateFormat@63c1f456]) and a value of type [org.apache.solr.util.DateFormatUtil.ISO8601CanonicalDateFormat] (value [org.apache.solr.util.DateFormatUtil$ISO8601CanonicalDateFormat@6b2ed43a]) but failed to remove it when the web application was stopped. Threads are going to be renewed over time to try and avoid a probable memory leak.
04-Apr-2019 10:59:09.487 SEVERE [localhost-startStop-2] org.apache.catalina.loader.WebappClassLoaderBase.checkThreadLocalMapForLeaks The web application [solr] created a ThreadLocal with key of type [org.apache.solr.util.DateFormatUtil.ThreadLocalDateFormat] (value [org.apache.solr.util.DateFormatUtil$ThreadLocalDateFormat@63c1f456]) and a value of type [org.apache.solr.util.DateFormatUtil.ISO8601CanonicalDateFormat] (value [org.apache.solr.util.DateFormatUtil$ISO8601CanonicalDateFormat@6b2ed43a]) but failed to remove it when the web application was stopped. Threads are going to be renewed over time to try and avoid a probable memory leak.
04-Apr-2019 10:59:09.488 SEVERE [localhost-startStop-2] org.apache.catalina.loader.WebappClassLoaderBase.checkThreadLocalMapForLeaks The web application [solr] created a ThreadLocal with key of type [org.apache.solr.util.DateFormatUtil.ThreadLocalDateFormat] (value [org.apache.solr.util.DateFormatUtil$ThreadLocalDateFormat@63c1f456]) and a value of type [org.apache.solr.util.DateFormatUtil.ISO8601CanonicalDateFormat] (value [org.apache.solr.util.DateFormatUtil$ISO8601CanonicalDateFormat@6b2ed43a]) but failed to remove it when the web application was stopped. Threads are going to be renewed over time to try and avoid a probable memory leak.
04-Apr-2019 10:59:09.489 SEVERE [localhost-startStop-2] org.apache.catalina.loader.WebappClassLoaderBase.checkThreadLocalMapForLeaks The web application [solr] created a ThreadLocal with key of type [org.apache.solr.util.DateFormatUtil.ThreadLocalDateFormat] (value [org.apache.solr.util.DateFormatUtil$ThreadLocalDateFormat@63c1f456]) and a value of type [org.apache.solr.util.DateFormatUtil.ISO8601CanonicalDateFormat] (value [org.apache.solr.util.DateFormatUtil$ISO8601CanonicalDateFormat@6b2ed43a]) but failed to remove it when the web application was stopped. Threads are going to be renewed over time to try and avoid a probable memory leak.
04-Apr-2019 10:59:09.490 SEVERE [localhost-startStop-2] org.apache.catalina.loader.WebappClassLoaderBase.checkThreadLocalMapForLeaks The web application [solr] created a ThreadLocal with key of type [org.apache.solr.util.DateFormatUtil.ThreadLocalDateFormat] (value [org.apache.solr.util.DateFormatUtil$ThreadLocalDateFormat@63c1f456]) and a value of type [org.apache.solr.util.DateFormatUtil.ISO8601CanonicalDateFormat] (value [org.apache.solr.util.DateFormatUtil$ISO8601CanonicalDateFormat@6b2ed43a]) but failed to remove it when the web application was stopped. Threads are going to be renewed over time to try and avoid a probable memory leak.
04-Apr-2019 10:59:09.491 SEVERE [localhost-startStop-2] org.apache.catalina.loader.WebappClassLoaderBase.checkThreadLocalMapForLeaks The web application [solr] created a ThreadLocal with key of type [org.apache.solr.util.DateFormatUtil.ThreadLocalDateFormat] (value [org.apache.solr.util.DateFormatUtil$ThreadLocalDateFormat@63c1f456]) and a value of type [org.apache.solr.util.DateFormatUtil.ISO8601CanonicalDateFormat] (value [org.apache.solr.util.DateFormatUtil$ISO8601CanonicalDateFormat@6b2ed43a]) but failed to remove it when the web application was stopped. Threads are going to be renewed over time to try and avoid a probable memory leak.
04-Apr-2019 10:59:09.492 SEVERE [localhost-startStop-2] org.apache.catalina.loader.WebappClassLoaderBase.checkThreadLocalMapForLeaks The web application [solr] created a ThreadLocal with key of type [org.apache.solr.util.DateFormatUtil.ThreadLocalDateFormat] (value [org.apache.solr.util.DateFormatUtil$ThreadLocalDateFormat@63c1f456]) and a value of type [org.apache.solr.util.DateFormatUtil.ISO8601CanonicalDateFormat] (value [org.apache.solr.util.DateFormatUtil$ISO8601CanonicalDateFormat@6b2ed43a]) but failed to remove it when the web application was stopped. Threads are going to be renewed over time to try and avoid a probable memory leak.
04-Apr-2019 10:59:09.493 SEVERE [localhost-startStop-2] org.apache.catalina.loader.WebappClassLoaderBase.checkThreadLocalMapForLeaks The web application [solr] created a ThreadLocal with key of type [org.apache.solr.util.DateFormatUtil.ThreadLocalDateFormat] (value [org.apache.solr.util.DateFormatUtil$ThreadLocalDateFormat@63c1f456]) and a value of type [org.apache.solr.util.DateFormatUtil.ISO8601CanonicalDateFormat] (value [org.apache.solr.util.DateFormatUtil$ISO8601CanonicalDateFormat@6b2ed43a]) but failed to remove it when the web application was stopped. Threads are going to be renewed over time to try and avoid a probable memory leak.
04-Apr-2019 10:59:09.494 SEVERE [localhost-startStop-2] org.apache.catalina.loader.WebappClassLoaderBase.checkThreadLocalMapForLeaks The web application [solr] created a ThreadLocal with key of type [org.apache.solr.util.DateFormatUtil.ThreadLocalDateFormat] (value [org.apache.solr.util.DateFormatUtil$ThreadLocalDateFormat@63c1f456]) and a value of type [org.apache.solr.util.DateFormatUtil.ISO8601CanonicalDateFormat] (value [org.apache.solr.util.DateFormatUtil$ISO8601CanonicalDateFormat@6b2ed43a]) but failed to remove it when the web application was stopped. Threads are going to be renewed over time to try and avoid a probable memory leak.
04-Apr-2019 10:59:09.494 SEVERE [localhost-startStop-2] org.apache.catalina.loader.WebappClassLoaderBase.checkThreadLocalMapForLeaks The web application [solr] created a ThreadLocal with key of type [org.apache.solr.util.DateFormatUtil.ThreadLocalDateFormat] (value [org.apache.solr.util.DateFormatUtil$ThreadLocalDateFormat@63c1f456]) and a value of type [org.apache.solr.util.DateFormatUtil.ISO8601CanonicalDateFormat] (value [org.apache.solr.util.DateFormatUtil$ISO8601CanonicalDateFormat@6b2ed43a]) but failed to remove it when the web application was stopped. Threads are going to be renewed over time to try and avoid a probable memory leak.
04-Apr-2019 10:59:09.500 INFO [Thread-5] org.apache.coyote.AbstractProtocol.stop Stopping ProtocolHandler ["http-apr-8880"]
04-Apr-2019 10:59:09.571 INFO [Thread-5] org.apache.coyote.AbstractProtocol.stop Stopping ProtocolHandler ["ajp-apr-8819"]
04-Apr-2019 10:59:09.624 INFO [Thread-5] org.apache.coyote.AbstractProtocol.destroy Destroying ProtocolHandler ["http-apr-8880"]
04-Apr-2019 10:59:09.625 INFO [Thread-5] org.apache.coyote.AbstractProtocol.destroy Destroying ProtocolHandler ["ajp-apr-8819"]
04-Apr-2019 10:59:16.667 INFO [main] org.apache.catalina.startup.VersionLoggerListener.log Server version:        Apache Tomcat/8.0.36
04-Apr-2019 10:59:16.668 INFO [main] org.apache.catalina.startup.VersionLoggerListener.log Server built:          Jun 9 2016 13:55:50 UTC
04-Apr-2019 10:59:16.668 INFO [main] org.apache.catalina.startup.VersionLoggerListener.log Server number:         8.0.36.0
04-Apr-2019 10:59:16.669 INFO [main] org.apache.catalina.startup.VersionLoggerListener.log OS Name:               Windows 10
04-Apr-2019 10:59:16.669 INFO [main] org.apache.catalina.startup.VersionLoggerListener.log OS Version:            10.0
04-Apr-2019 10:59:16.670 INFO [main] org.apache.catalina.startup.VersionLoggerListener.log Architecture:          amd64
04-Apr-2019 10:59:16.670 INFO [main] org.apache.catalina.startup.VersionLoggerListener.log Java Home:             D:\jdk\jdk80131\jre
04-Apr-2019 10:59:16.671 INFO [main] org.apache.catalina.startup.VersionLoggerListener.log JVM Version:           1.8.0_131-b11
04-Apr-2019 10:59:16.671 INFO [main] org.apache.catalina.startup.VersionLoggerListener.log JVM Vendor:            Oracle Corporation
04-Apr-2019 10:59:16.671 INFO [main] org.apache.catalina.startup.VersionLoggerListener.log CATALINA_BASE:         D:\solr\apache-tomcat-8-zyx
04-Apr-2019 10:59:16.671 INFO [main] org.apache.catalina.startup.VersionLoggerListener.log CATALINA_HOME:         D:\solr\apache-tomcat-8-zyx
04-Apr-2019 10:59:16.673 INFO [main] org.apache.catalina.startup.VersionLoggerListener.log Command line argument: -Djdk.tls.ephemeralDHKeySize=2048
04-Apr-2019 10:59:16.673 INFO [main] org.apache.catalina.startup.VersionLoggerListener.log Command line argument: -Djava.util.logging.config.file=D:\solr\apache-tomcat-8-zyx\conf\logging.properties
04-Apr-2019 10:59:16.673 INFO [main] org.apache.catalina.startup.VersionLoggerListener.log Command line argument: -Djava.util.logging.manager=org.apache.juli.ClassLoaderLogManager
04-Apr-2019 10:59:16.674 INFO [main] org.apache.catalina.startup.VersionLoggerListener.log Command line argument: -Djava.endorsed.dirs=D:\solr\apache-tomcat-8-zyx\endorsed
04-Apr-2019 10:59:16.674 INFO [main] org.apache.catalina.startup.VersionLoggerListener.log Command line argument: -Dcatalina.base=D:\solr\apache-tomcat-8-zyx
04-Apr-2019 10:59:16.675 INFO [main] org.apache.catalina.startup.VersionLoggerListener.log Command line argument: -Dcatalina.home=D:\solr\apache-tomcat-8-zyx
04-Apr-2019 10:59:16.675 INFO [main] org.apache.catalina.startup.VersionLoggerListener.log Command line argument: -Djava.io.tmpdir=D:\solr\apache-tomcat-8-zyx\temp
04-Apr-2019 10:59:16.676 INFO [main] org.apache.catalina.core.AprLifecycleListener.lifecycleEvent Loaded APR based Apache Tomcat Native library 1.2.7 using APR version 1.5.2.
04-Apr-2019 10:59:16.677 INFO [main] org.apache.catalina.core.AprLifecycleListener.lifecycleEvent APR capabilities: IPv6 [true], sendfile [true], accept filters [false], random [true].
04-Apr-2019 10:59:17.765 INFO [main] org.apache.catalina.core.AprLifecycleListener.initializeSSL OpenSSL successfully initialized (OpenSSL 1.0.2h  3 May 2016)
04-Apr-2019 10:59:17.935 INFO [main] org.apache.coyote.AbstractProtocol.init Initializing ProtocolHandler ["http-apr-8880"]
04-Apr-2019 10:59:17.959 INFO [main] org.apache.coyote.AbstractProtocol.init Initializing ProtocolHandler ["ajp-apr-8819"]
04-Apr-2019 10:59:17.965 INFO [main] org.apache.catalina.startup.Catalina.load Initialization processed in 1877 ms
04-Apr-2019 10:59:18.008 INFO [main] org.apache.catalina.core.StandardService.startInternal Starting service Catalina
04-Apr-2019 10:59:18.009 INFO [main] org.apache.catalina.core.StandardEngine.startInternal Starting Servlet Engine: Apache Tomcat/8.0.36
04-Apr-2019 10:59:18.025 INFO [localhost-startStop-1] org.apache.catalina.startup.HostConfig.deployDirectory Deploying web application directory D:\solr\apache-tomcat-8-zyx\webapps\solr
04-Apr-2019 10:59:25.497 INFO [localhost-startStop-1] org.apache.jasper.servlet.TldScanner.scanJars At least one JAR was scanned for TLDs yet contained no TLDs. Enable debug logging for this logger for a complete list of JARs that were scanned but no TLDs were found in them. Skipping unneeded JARs during scanning can improve startup time and JSP compilation time.
04-Apr-2019 10:59:26.428 INFO [localhost-startStop-1] org.apache.catalina.util.SessionIdGeneratorBase.createSecureRandom Creation of SecureRandom instance for session ID generation using [SHA1PRNG] took [815] milliseconds.
04-Apr-2019 10:59:28.029 INFO [localhost-startStop-1] org.apache.catalina.startup.HostConfig.deployDirectory Deployment of web application directory D:\solr\apache-tomcat-8-zyx\webapps\solr has finished in 10,004 ms
04-Apr-2019 10:59:28.036 INFO [main] org.apache.coyote.AbstractProtocol.start Starting ProtocolHandler ["http-apr-8880"]
04-Apr-2019 10:59:28.058 INFO [main] org.apache.coyote.AbstractProtocol.start Starting ProtocolHandler ["ajp-apr-8819"]
04-Apr-2019 10:59:28.066 INFO [main] org.apache.catalina.startup.Catalina.start Server startup in 10100 ms
